Drill report for X:/Heat_Ctrl/Gerber/Heater_Ctrl_V10_Panel_2x1.kicad_pcb
Created on 12/4/2017 4:21:04 PM

Copper Layer Stackup:
    =============================================================
    L1 :  F.Cu                      front
    L2 :  B.Cu                      back


Drill file 'X:Heater_Ctrl_V10_Panel_2x1.drl' contains
    plated through holes:
    =============================================================
    T1  0.40mm  0.016"  (36 holes)
    T2  0.70mm  0.028"  (8 holes)
    T3  0.90mm  0.035"  (28 holes)
    T4  1.00mm  0.039"  (24 holes)
    T5  1.02mm  0.040"  (96 holes)
    T6  1.10mm  0.043"  (8 holes)
    T7  1.20mm  0.047"  (12 holes)
    T8  1.30mm  0.051"  (8 holes)

    Total plated holes count 220


Not plated through holes are merged with plated holes
    unplated through holes:
    =============================================================

    Total unplated holes count 0
